                      :-) GROMACS - gmx mdrun, 2025.1 (-:

Copyright 1991-2025 The GROMACS Authors.
GROMACS is free software; you can redistribute it and/or modify it
under the terms of the GNU Lesser General Public License
as published by the Free Software Foundation; either version 2.1
of the License, or (at your option) any later version.

                         Current GROMACS contributors:
       Mark Abraham           Andrey Alekseenko           Brian Andrews       
      Vladimir Basov              Paul Bauer                Hugh Bird         
      Eliane Briand               Ania Brown              Mahesh Doijade      
      Giacomo Fiorin          Stefan Fleischmann          Sergey Gorelov      
   Gilles Gouaillardet            Alan Gray              M. Eric Irrgang      
   Farzaneh Jalalypour         Petter Johansson          Carsten Kutzner      
    Grzegorz Łazarski         Justin A. Lemkul          Magnus Lundborg      
       Pascal Merz             Vedran Miletić            Dmitry Morozov      
     Lukas Müllender            Julien Nabet             Szilárd Páll      
 Andrea Pasquadibisceglie     Michele Pellegrino         Nicola Piasentin     
     Daniele Rapetti         Muhammad Umair Sadiq         Hubert Santuz       
      Roland Schulz             Michael Shirts           Tatiana Shugaeva     
     Alexey Shvetsov            Philip Turner            Alessandra Villa     
 Sebastian Wingbermühle  

                         Previous GROMACS contributors:
        Emile Apol             Rossen Apostolov           James Barnett       
  Herman J.C. Berendsen         Cathrine Bergh             Par Bjelkmar       
      Christian Blau          Viacheslav Bolnykh            Kevin Boyd        
    Aldert van Buuren          Carlo Camilloni           Rudi van Drunen      
      Anton Feenstra           Oliver Fleetwood            Vytas Gapsys       
       Gaurav Garg             Gerrit Groenhof            Bert de Groot       
      Anca Hamuraru           Vincent Hindriksen          Victor Holanda      
     Aleksei Iupinov              Joe Jordan            Christoph Junghans    
    Prashanth Kanduri        Dimitrios Karkoulis           Peter Kasson       
      Sebastian Kehl           Sebastian Keller             Jiri Kraus        
       Per Larsson              Viveca Lindahl            Erik Marklund       
    Pieter Meulenhoff           Teemu Murtola              Sander Pronk       
      Alfons Sijbers            Balint Soproni         David van der Spoel    
      Peter Tieleman            Carsten Uphoff             Jon Vincent        
     Teemu Virolainen         Christian Wennberg           Maarten Wolf       
      Artem Zhmurov       

                  Coordinated by the GROMACS project leaders:
                           Berk Hess and Erik Lindahl

GROMACS:      gmx mdrun, version 2025.1
Executable:   /opt/modules/software/gromacs/2025.1/bin/gmx
Data prefix:  /opt/modules/software/gromacs/2025.1
Working dir:  /home/futera/Documents/2025-nife2o4-params
Process ID:   3777498
Command line:
  gmx mdrun -cpo calc-02-nve.cpt -s calc-02-nve.tpr -c calc-02-nve.gro -e calc-02-nve.edr -g calc-02-nve.log -x calc-02-nve.xtc -o calc-02-nve.trr

GROMACS version:     2025.1
Precision:           mixed
Memory model:        64 bit
MPI library:         thread_mpi
OpenMP support:      enabled (GMX_OPENMP_MAX_THREADS = 128)
GPU support:         disabled
SIMD instructions:   AVX2_256
CPU FFT library:     fftw-3.3.10-sse2-avx-avx2-avx2_128
GPU FFT library:     none
Multi-GPU FFT:       none
RDTSCP usage:        enabled
TNG support:         enabled
Hwloc support:       disabled
Tracing support:     disabled
C compiler:          /usr/bin/cc GNU 14.2.1
C compiler flags:    -fexcess-precision=fast -funroll-all-loops -mavx2 -mfma -Wno-missing-field-initializers -O3 -DNDEBUG
C++ compiler:        /usr/bin/c++ GNU 14.2.1
C++ compiler flags:  -fexcess-precision=fast -funroll-all-loops -mavx2 -mfma -Wno-missing-field-initializers -Wno-cast-function-type-strict SHELL:-fopenmp -O3 -DNDEBUG
BLAS library:        External - detected on the system
LAPACK library:      External - detected on the system


Running on 1 node with total 8 cores, 8 processing units
Hardware detected on host prcc02008:
  CPU info:
    Vendor: Intel
    Brand:  Intel(R) Core(TM) i7-9700 CPU @ 3.00GHz
    Family: 6   Model: 158   Stepping: 13
    Features: aes apic avx avx2 clfsh cmov cx8 cx16 f16c fma hle htt intel lahf mmx msr nonstop_tsc pcid pclmuldq pdcm pdpe1gb popcnt pse rdrnd rdtscp rtm sse2 sse3 sse4.1 sse4.2 ssse3 tdt x2apic
  Hardware topology: Basic
    Packages, cores, and logical processors:
    [indices refer to OS logical processors]
      Package  0: [   0] [   1] [   2] [   3] [   4] [   5] [   6] [   7]
    CPU limit set by OS: -1   Recommended max number of threads: 8


++++ PLEASE READ AND CITE THE FOLLOWING REFERENCE ++++
M. J. Abraham, T. Murtola, R. Schulz, S. Páll, J. C. Smith, B. Hess, E.
Lindahl
GROMACS: High performance molecular simulations through multi-level
parallelism from laptops to supercomputers
SoftwareX (2015)
DOI: 10.1016/j.softx.2015.06.001
-------- -------- --- Thank You --- -------- --------


++++ PLEASE READ AND CITE THE FOLLOWING REFERENCE ++++
S. Páll, M. J. Abraham, C. Kutzner, B. Hess, E. Lindahl
Tackling Exascale Software Challenges in Molecular Dynamics Simulations with
GROMACS
In S. Markidis & E. Laure (Eds.), Solving Software Challenges for Exascale (2015)
DOI: 10.1007/978-3-319-15976-8_1
-------- -------- --- Thank You --- -------- --------


++++ PLEASE READ AND CITE THE FOLLOWING REFERENCE ++++
S. Pronk, S. Páll, R. Schulz, P. Larsson, P. Bjelkmar, R. Apostolov, M. R.
Shirts, J. C. Smith, P. M. Kasson, D. van der Spoel, B. Hess, E. Lindahl
GROMACS 4.5: a high-throughput and highly parallel open source molecular
simulation toolkit
Bioinformatics (2013)
DOI: 10.1093/bioinformatics/btt055
-------- -------- --- Thank You --- -------- --------


++++ PLEASE READ AND CITE THE FOLLOWING REFERENCE ++++
B. Hess, C. Kutzner, D. van der Spoel, E. Lindahl
GROMACS 4: Algorithms for highly efficient, load-balanced, and scalable
molecular simulation
J. Chem. Theory Comput. (2008)
DOI: 10.1021/ct700301q
-------- -------- --- Thank You --- -------- --------


++++ PLEASE READ AND CITE THE FOLLOWING REFERENCE ++++
D. van der Spoel, E. Lindahl, B. Hess, G. Groenhof, A. E. Mark, H. J. C.
Berendsen
GROMACS: Fast, Flexible and Free
J. Comp. Chem. (2005)
DOI: 10.1002/jcc.20291
-------- -------- --- Thank You --- -------- --------


++++ PLEASE READ AND CITE THE FOLLOWING REFERENCE ++++
E. Lindahl, B. Hess, D. van der Spoel
GROMACS 3.0: A package for molecular simulation and trajectory analysis
J. Mol. Mod. (2001)
DOI: 10.1007/s008940100045
-------- -------- --- Thank You --- -------- --------


++++ PLEASE READ AND CITE THE FOLLOWING REFERENCE ++++
H. J. C. Berendsen, D. van der Spoel and R. van Drunen
GROMACS: A message-passing parallel molecular dynamics implementation
Comp. Phys. Comm. (1995)
DOI: 10.1016/0010-4655(95)00042-E
-------- -------- --- Thank You --- -------- --------


++++ PLEASE CITE THE DOI FOR THIS VERSION OF GROMACS ++++
https://doi.org/10.5281/zenodo.15006630
-------- -------- --- Thank You --- -------- --------

Input Parameters:
   integrator                     = md
   tinit                          = 0
   dt                             = 0.001
   nsteps                         = 10000
   init-step                      = 0
   simulation-part                = 1
   mts                            = false
   mass-repartition-factor        = 1
   comm-mode                      = Linear
   nstcomm                        = 100
   bd-fric                        = 0
   ld-seed                        = -606142522
   emtol                          = 10
   emstep                         = 0.01
   niter                          = 20
   fcstep                         = 0
   nstcgsteep                     = 1000
   nbfgscorr                      = 10
   rtpi                           = 0.05
   nstxout                        = 100
   nstvout                        = 0
   nstfout                        = 0
   nstlog                         = 100
   nstcalcenergy                  = 10
   nstenergy                      = 10
   nstxout-compressed             = 0
   compressed-x-precision         = 1000
   cutoff-scheme                  = Verlet
   nstlist                        = 10
   pbc                            = xyz
   periodic-molecules             = false
   verlet-buffer-tolerance        = 0.005
   verlet-buffer-pressure-tolerance = 0.5
   rlist                          = 1.2
   coulombtype                    = PME
   coulomb-modifier               = Potential-shift
   rcoulomb-switch                = 0
   rcoulomb                       = 1.2
   epsilon-r                      = 1
   epsilon-rf                     = inf
   vdw-type                       = Cut-off
   vdw-modifier                   = Potential-switch
   rvdw-switch                    = 1.1
   rvdw                           = 1.2
   DispCorr                       = No
   table-extension                = 1
   fourierspacing                 = 0.15
   fourier-nx                     = 20
   fourier-ny                     = 24
   fourier-nz                     = 20
   pme-order                      = 4
   ewald-rtol                     = 1e-06
   ewald-rtol-lj                  = 0.001
   lj-pme-comb-rule               = Geometric
   ewald-geometry                 = 3d
   epsilon-surface                = 0
   ensemble-temperature-setting   = not available
   tcoupl                         = No
   nsttcouple                     = -1
   nh-chain-length                = 0
   print-nose-hoover-chain-variables = false
   pcoupl                         = No
   refcoord-scaling               = No
   posres-com: not available
   posres-comB: not available
   QMMM                           = false
qm-opts:
   ngQM                           = 0
   constraint-algorithm           = Lincs
   continuation                   = false
   Shake-SOR                      = false
   shake-tol                      = 0.0001
   lincs-order                    = 4
   lincs-iter                     = 1
   lincs-warnangle                = 30
   nwall                          = 0
   wall-type                      = 9-3
   wall-r-linpot                  = -1
   wall-atomtype[0]               = -1
   wall-atomtype[1]               = -1
   wall-density[0]                = 0
   wall-density[1]                = 0
   wall-ewald-zfac                = 3
   pull                           = false
   awh                            = false
   rotation                       = false
   interactiveMD                  = false
   disre                          = No
   disre-weighting                = Conservative
   disre-mixed                    = false
   dr-fc                          = 1000
   dr-tau                         = 0
   nstdisreout                    = 100
   orire-fc                       = 0
   orire-tau                      = 0
   nstorireout                    = 100
   free-energy                    = no
   cos-acceleration               = 0
   deform (3x3):
      deform[    0]={ 0.00000e+00,  0.00000e+00,  0.00000e+00}
      deform[    1]={ 0.00000e+00,  0.00000e+00,  0.00000e+00}
      deform[    2]={ 0.00000e+00,  0.00000e+00,  0.00000e+00}
   simulated-tempering            = false
   swapcoords                     = no
   userint1                       = 0
   userint2                       = 0
   userint3                       = 0
   userint4                       = 0
   userreal1                      = 0
   userreal2                      = 0
   userreal3                      = 0
   userreal4                      = 0
   applied-forces:
     electric-field:
       x:
         E0                       = 0
         omega                    = 0
         t0                       = 0
         sigma                    = 0
       y:
         E0                       = 0
         omega                    = 0
         t0                       = 0
         sigma                    = 0
       z:
         E0                       = 0
         omega                    = 0
         t0                       = 0
         sigma                    = 0
     density-guided-simulation:
       active                     = false
       group                      = protein
       similarity-measure         = inner-product
       atom-spreading-weight      = unity
       force-constant             = 1e+09
       gaussian-transform-spreading-width = 0.2
       gaussian-transform-spreading-range-in-multiples-of-width = 4
       reference-density-filename = reference.mrc
       nst                        = 1
       normalize-densities        = true
       adaptive-force-scaling     = false
       adaptive-force-scaling-time-constant = 4
       shift-vector               = 
       transformation-matrix      = 
     qmmm-cp2k:
       active                     = false
       qmgroup                    = System
       qmmethod                   = PBE
       qmfilenames                = 
       qmcharge                   = 0
       qmmultiplicity             = 1
     colvars:
       active                     = false
       configfile                 = 
       seed                       = -1
     nnpot:
       active                     = false
       modelfile                  = model.pt
       input-group                = System
       model-input1               = 
       model-input2               = 
       model-input3               = 
       model-input4               = 
grpopts:
   nrdf:         186
   ref-t:           0
   tau-t:           0
annealing:          No
annealing-npoints:           0
   acc:	           0           0           0
   nfreeze:           N           N           N
   energygrp-flags[  0]: 0

Can not increase nstlist because an NVE ensemble is used
When checking whether update groups are usable:
  No constraints or virtual sites are in use, so it is best not to use update groups

Initializing Domain Decomposition on 1 ranks
Dynamic load balancing: auto
Minimum cell size due to atom displacement: 0.000 nm
Initial maximum distances in bonded interactions:
    two-body bonded interactions: 0.311 nm, Harmonic Pot., atoms 4 9
Minimum cell size due to bonded interactions: 0.000 nm
Using 0 separate PME ranks because: there are too few total ranks for efficient splitting
Optimizing the DD grid for 1 cells with a minimum initial size of 0.000 nm
Domain decomposition grid 1 x 1 x 1, separate PME ranks 0
PME domain decomposition: 1 x 1 x 1

The initial number of communication pulses is:
The initial domain decomposition cell size is:

The maximum allowed distance for atoms involved in interactions is:
                 non-bonded interactions           1.200 nm
            two-body bonded interactions  (-rdd)   1.200 nm
          multi-body bonded interactions  (-rdd)   1.200 nm

When dynamic load balancing gets turned on, these settings will change to:
The maximum number of communication pulses is:
The minimum size for domain decomposition cells is 1.200 nm
The requested allowed shrink of DD cells (option -dds) is: 0.80
The allowed shrink of domain decomposition cells is:
The maximum allowed distance for atoms involved in interactions is:
                 non-bonded interactions           1.200 nm
            two-body bonded interactions  (-rdd)   1.200 nm
          multi-body bonded interactions  (-rdd)   1.200 nm

Local state does not use filler particles

Using 1 MPI thread
Using 8 OpenMP threads 

System total charge: 0.000
Will do PME sum in reciprocal space for electrostatic interactions.

++++ PLEASE READ AND CITE THE FOLLOWING REFERENCE ++++
U. Essmann, L. Perera, M. L. Berkowitz, T. Darden, H. Lee, L. G. Pedersen 
A smooth particle mesh Ewald method
J. Chem. Phys. (1995)
DOI: 10.1063/1.470117
-------- -------- --- Thank You --- -------- --------

Using a Gaussian width (1/beta) of 0.34693 nm for Ewald
Potential shift: LJ r^-12: 0.000e+00 r^-6: 0.000e+00, Ewald -8.333e-07
Initialized non-bonded Coulomb Ewald tables, spacing: 9.71e-04 size: 1237



Using SIMD4xM 4x8 nonbonded short-range kernels

Using a 4x8 pair-list setup:
  updated every 10 steps, buffer 0.000 nm, rlist 1.200 nm

The average pressure is off by at most 0.00 bar due to missing LJ interactions
Removing pbc first time

Linking all bonded interactions to atoms


Pinning threads with an auto-selected logical cpu stride of 1
There are: 63 Atoms
Atom distribution over 1 domains: av 63 stddev 0 min 63 max 63
Center of mass motion removal mode is Linear
We have the following groups for center of mass motion removal:
  0:  rest
Initial temperature: 303.457 K

Started mdrun on rank 0 Sun Oct 19 20:24:25 2025

           Step           Time
              0        0.00000

   Energies (kJ/mol)
  Harmonic Pot.        LJ (SR)   Coulomb (SR)   Coul. recip.      Potential
    1.52927e+03    7.44139e+03   -2.99502e+04    2.77569e+02   -2.07020e+04
    Kinetic En.   Total Energy    Temperature Pressure (bar)
    2.35315e+02   -2.04666e+04    3.04322e+02    5.53870e+01

           Step           Time
            100        0.10000

   Energies (kJ/mol)
  Harmonic Pot.        LJ (SR)   Coulomb (SR)   Coul. recip.      Potential
    1.57662e+03    7.48733e+03   -2.99379e+04    2.85881e+02   -2.05881e+04
    Kinetic En.   Total Energy    Temperature Pressure (bar)
    1.23787e+02   -2.04643e+04    1.60088e+02    2.20187e+02

           Step           Time
            200        0.20000

   Energies (kJ/mol)
  Harmonic Pot.        LJ (SR)   Coulomb (SR)   Coul. recip.      Potential
    1.66743e+03    7.35598e+03   -2.99252e+04    2.64877e+02   -2.06370e+04
    Kinetic En.   Total Energy    Temperature Pressure (bar)
    1.71918e+02   -2.04650e+04    2.22333e+02   -6.02356e+02

           Step           Time
            300        0.30000

   Energies (kJ/mol)
  Harmonic Pot.        LJ (SR)   Coulomb (SR)   Coul. recip.      Potential
    1.65743e+03    7.40248e+03   -2.99288e+04    2.63834e+02   -2.06050e+04
    Kinetic En.   Total Energy    Temperature Pressure (bar)
    1.40291e+02   -2.04647e+04    1.81431e+02   -1.03389e+01

           Step           Time
            400        0.40000

   Energies (kJ/mol)
  Harmonic Pot.        LJ (SR)   Coulomb (SR)   Coul. recip.      Potential
    1.76845e+03    7.31807e+03   -2.99497e+04    2.54211e+02   -2.06090e+04
    Kinetic En.   Total Energy    Temperature Pressure (bar)
    1.44326e+02   -2.04646e+04    1.86649e+02   -9.27839e+02

           Step           Time
            500        0.50000

   Energies (kJ/mol)
  Harmonic Pot.        LJ (SR)   Coulomb (SR)   Coul. recip.      Potential
    1.60216e+03    7.42919e+03   -2.99395e+04    2.70223e+02   -2.06379e+04
    Kinetic En.   Total Energy    Temperature Pressure (bar)
    1.73113e+02   -2.04648e+04    2.23878e+02    1.81873e+02

           Step           Time
            600        0.60000

   Energies (kJ/mol)
  Harmonic Pot.        LJ (SR)   Coulomb (SR)   Coul. recip.      Potential
    1.72493e+03    7.22561e+03   -2.98723e+04    2.72564e+02   -2.06492e+04
    Kinetic En.   Total Energy    Temperature Pressure (bar)
    1.84316e+02   -2.04648e+04    2.38367e+02   -4.26040e+02

           Step           Time
            700        0.70000

   Energies (kJ/mol)
  Harmonic Pot.        LJ (SR)   Coulomb (SR)   Coul. recip.      Potential
    1.70965e+03    7.32604e+03   -2.99792e+04    2.67018e+02   -2.06765e+04
    Kinetic En.   Total Energy    Temperature Pressure (bar)
    2.11999e+02   -2.04645e+04    2.74167e+02    7.04376e+01

           Step           Time
            800        0.80000

   Energies (kJ/mol)
  Harmonic Pot.        LJ (SR)   Coulomb (SR)   Coul. recip.      Potential
    1.78479e+03    7.24346e+03   -2.99601e+04    2.65719e+02   -2.06661e+04
    Kinetic En.   Total Energy    Temperature Pressure (bar)
    2.01298e+02   -2.04648e+04    2.60329e+02   -9.09704e+02

           Step           Time
            900        0.90000

   Energies (kJ/mol)
  Harmonic Pot.        LJ (SR)   Coulomb (SR)   Coul. recip.      Potential
    1.77479e+03    7.14498e+03   -2.98400e+04    2.67352e+02   -2.06529e+04
    Kinetic En.   Total Energy    Temperature Pressure (bar)
    1.87834e+02   -2.04650e+04    2.42916e+02   -1.01132e+03

           Step           Time
           1000        1.00000

   Energies (kJ/mol)
  Harmonic Pot.        LJ (SR)   Coulomb (SR)   Coul. recip.      Potential
    1.65637e+03    7.34086e+03   -2.99113e+04    2.75560e+02   -2.06385e+04
    Kinetic En.   Total Energy    Temperature Pressure (bar)
    1.73844e+02   -2.04646e+04    2.24824e+02   -1.50890e+02

           Step           Time
           1100        1.10000

   Energies (kJ/mol)
  Harmonic Pot.        LJ (SR)   Coulomb (SR)   Coul. recip.      Potential
    1.74714e+03    7.27306e+03   -2.99376e+04    2.46561e+02   -2.06709e+04
    Kinetic En.   Total Energy    Temperature Pressure (bar)
    2.06149e+02   -2.04647e+04    2.66603e+02   -5.45383e+02

           Step           Time
           1200        1.20000

   Energies (kJ/mol)
  Harmonic Pot.        LJ (SR)   Coulomb (SR)   Coul. recip.      Potential
    1.71379e+03    7.37460e+03   -2.99972e+04    2.67813e+02   -2.06410e+04
    Kinetic En.   Total Energy    Temperature Pressure (bar)
    1.76260e+02   -2.04648e+04    2.27948e+02    2.68042e+02

           Step           Time
           1300        1.30000

   Energies (kJ/mol)
  Harmonic Pot.        LJ (SR)   Coulomb (SR)   Coul. recip.      Potential
    1.71326e+03    7.24523e+03   -2.99108e+04    2.70553e+02   -2.06818e+04
    Kinetic En.   Total Energy    Temperature Pressure (bar)
    2.16769e+02   -2.04650e+04    2.80336e+02   -6.46768e+02

           Step           Time
           1400        1.40000

   Energies (kJ/mol)
  Harmonic Pot.        LJ (SR)   Coulomb (SR)   Coul. recip.      Potential
    1.66580e+03    7.31897e+03   -2.98654e+04    2.74068e+02   -2.06065e+04
    Kinetic En.   Total Energy    Temperature Pressure (bar)
    1.41824e+02   -2.04647e+04    1.83414e+02   -1.30114e+02

           Step           Time
           1500        1.50000

   Energies (kJ/mol)
  Harmonic Pot.        LJ (SR)   Coulomb (SR)   Coul. recip.      Potential
    1.64803e+03    7.38659e+03   -2.99389e+04    2.70897e+02   -2.06333e+04
    Kinetic En.   Total Energy    Temperature Pressure (bar)
    1.68727e+02   -2.04646e+04    2.18206e+02   -4.94255e+02

           Step           Time
           1600        1.60000

   Energies (kJ/mol)
  Harmonic Pot.        LJ (SR)   Coulomb (SR)   Coul. recip.      Potential
    1.73227e+03    7.29305e+03   -2.99604e+04    2.54387e+02   -2.06807e+04
    Kinetic En.   Total Energy    Temperature Pressure (bar)
    2.15529e+02   -2.04652e+04    2.78733e+02    5.32381e+02

           Step           Time
           1700        1.70000

   Energies (kJ/mol)
  Harmonic Pot.        LJ (SR)   Coulomb (SR)   Coul. recip.      Potential
    1.81116e+03    7.22398e+03   -2.99420e+04    2.56127e+02   -2.06507e+04
    Kinetic En.   Total Energy    Temperature Pressure (bar)
    1.86089e+02   -2.04647e+04    2.40659e+02   -8.94571e+02

           Step           Time
           1800        1.80000

   Energies (kJ/mol)
  Harmonic Pot.        LJ (SR)   Coulomb (SR)   Coul. recip.      Potential
    1.66554e+03    7.29615e+03   -2.99122e+04    2.70744e+02   -2.06798e+04
    Kinetic En.   Total Energy    Temperature Pressure (bar)
    2.14795e+02   -2.04650e+04    2.77784e+02   -5.20383e+02

           Step           Time
           1900        1.90000

   Energies (kJ/mol)
  Harmonic Pot.        LJ (SR)   Coulomb (SR)   Coul. recip.      Potential
    1.73816e+03    7.20356e+03   -2.98466e+04    2.64553e+02   -2.06403e+04
    Kinetic En.   Total Energy    Temperature Pressure (bar)
    1.75083e+02   -2.04652e+04    2.26426e+02   -3.94496e+02

           Step           Time
           2000        2.00000

   Energies (kJ/mol)
  Harmonic Pot.        LJ (SR)   Coulomb (SR)   Coul. recip.      Potential
    1.56324e+03    7.49509e+03   -2.99837e+04    2.66623e+02   -2.06588e+04
    Kinetic En.   Total Energy    Temperature Pressure (bar)
    1.94099e+02   -2.04647e+04    2.51019e+02    7.02723e+02

           Step           Time
           2100        2.10000

   Energies (kJ/mol)
  Harmonic Pot.        LJ (SR)   Coulomb (SR)   Coul. recip.      Potential
    1.69249e+03    7.40748e+03   -3.00196e+04    2.59082e+02   -2.06605e+04
    Kinetic En.   Total Energy    Temperature Pressure (bar)
    1.95748e+02   -2.04648e+04    2.53152e+02    3.43296e+02

           Step           Time
           2200        2.20000

   Energies (kJ/mol)
  Harmonic Pot.        LJ (SR)   Coulomb (SR)   Coul. recip.      Potential
    1.84886e+03    7.08554e+03   -2.98768e+04    2.54781e+02   -2.06876e+04
    Kinetic En.   Total Energy    Temperature Pressure (bar)
    2.22521e+02   -2.04651e+04    2.87776e+02   -1.23869e+03

           Step           Time
           2300        2.30000

   Energies (kJ/mol)
  Harmonic Pot.        LJ (SR)   Coulomb (SR)   Coul. recip.      Potential
    1.63600e+03    7.35721e+03   -2.99042e+04    2.75097e+02   -2.06359e+04
    Kinetic En.   Total Energy    Temperature Pressure (bar)
    1.71358e+02   -2.04646e+04    2.21609e+02   -3.95949e+02

           Step           Time
           2400        2.40000

   Energies (kJ/mol)
  Harmonic Pot.        LJ (SR)   Coulomb (SR)   Coul. recip.      Potential
    1.70600e+03    7.32097e+03   -2.99279e+04    2.50180e+02   -2.06507e+04
    Kinetic En.   Total Energy    Temperature Pressure (bar)
    1.85928e+02   -2.04648e+04    2.40451e+02   -4.25918e+02

           Step           Time
           2500        2.50000

   Energies (kJ/mol)
  Harmonic Pot.        LJ (SR)   Coulomb (SR)   Coul. recip.      Potential
    1.63654e+03    7.40924e+03   -2.99816e+04    2.71363e+02   -2.06645e+04
    Kinetic En.   Total Energy    Temperature Pressure (bar)
    1.99830e+02   -2.04647e+04    2.58430e+02    8.45565e+02

           Step           Time
           2600        2.60000

   Energies (kJ/mol)
  Harmonic Pot.        LJ (SR)   Coulomb (SR)   Coul. recip.      Potential
    1.78113e+03    7.25711e+03   -2.99597e+04    2.71081e+02   -2.06504e+04
    Kinetic En.   Total Energy    Temperature Pressure (bar)
    1.85959e+02   -2.04644e+04    2.40492e+02   -7.77217e+02

           Step           Time
           2700        2.70000

   Energies (kJ/mol)
  Harmonic Pot.        LJ (SR)   Coulomb (SR)   Coul. recip.      Potential
    1.74083e+03    7.23846e+03   -2.99012e+04    2.64975e+02   -2.06570e+04
    Kinetic En.   Total Energy    Temperature Pressure (bar)
    1.91984e+02   -2.04650e+04    2.48284e+02   -5.53352e+02

           Step           Time
           2800        2.80000

   Energies (kJ/mol)
  Harmonic Pot.        LJ (SR)   Coulomb (SR)   Coul. recip.      Potential
    1.80562e+03    7.11642e+03   -2.98201e+04    2.73888e+02   -2.06241e+04
    Kinetic En.   Total Energy    Temperature Pressure (bar)
    1.59418e+02   -2.04647e+04    2.06167e+02   -1.49751e+03

           Step           Time
           2900        2.90000

   Energies (kJ/mol)
  Harmonic Pot.        LJ (SR)   Coulomb (SR)   Coul. recip.      Potential
    1.67232e+03    7.30180e+03   -2.99405e+04    2.62473e+02   -2.07039e+04
    Kinetic En.   Total Energy    Temperature Pressure (bar)
    2.38855e+02   -2.04650e+04    3.08900e+02    4.31370e+01

           Step           Time
           3000        3.00000

   Energies (kJ/mol)
  Harmonic Pot.        LJ (SR)   Coulomb (SR)   Coul. recip.      Potential
    1.69823e+03    7.39671e+03   -3.00229e+04    2.56493e+02   -2.06714e+04
    Kinetic En.   Total Energy    Temperature Pressure (bar)
    2.06475e+02   -2.04650e+04    2.67024e+02    1.20267e+02

           Step           Time
           3100        3.10000

   Energies (kJ/mol)
  Harmonic Pot.        LJ (SR)   Coulomb (SR)   Coul. recip.      Potential
    1.62769e+03    7.37224e+03   -2.99276e+04    2.68451e+02   -2.06593e+04
    Kinetic En.   Total Energy    Temperature Pressure (bar)
    1.94840e+02   -2.04644e+04    2.51977e+02    5.40622e+02

           Step           Time
           3200        3.20000

   Energies (kJ/mol)
  Harmonic Pot.        LJ (SR)   Coulomb (SR)   Coul. recip.      Potential
    1.76592e+03    7.19410e+03   -2.98641e+04    2.76346e+02   -2.06277e+04
    Kinetic En.   Total Energy    Temperature Pressure (bar)
    1.63154e+02   -2.04646e+04    2.10999e+02   -1.08018e+03

           Step           Time
           3300        3.30000

   Energies (kJ/mol)
  Harmonic Pot.        LJ (SR)   Coulomb (SR)   Coul. recip.      Potential
    1.69676e+03    7.36047e+03   -2.99589e+04    2.58658e+02   -2.06430e+04
    Kinetic En.   Total Energy    Temperature Pressure (bar)
    1.78264e+02   -2.04647e+04    2.30540e+02   -4.40168e+02

           Step           Time
           3400        3.40000

   Energies (kJ/mol)
  Harmonic Pot.        LJ (SR)   Coulomb (SR)   Coul. recip.      Potential
    1.71680e+03    7.28947e+03   -2.99319e+04    2.63853e+02   -2.06618e+04
    Kinetic En.   Total Energy    Temperature Pressure (bar)
    1.97511e+02   -2.04643e+04    2.55431e+02    3.80009e+02

           Step           Time
           3500        3.50000

   Energies (kJ/mol)
  Harmonic Pot.        LJ (SR)   Coulomb (SR)   Coul. recip.      Potential
    1.76794e+03    7.26653e+03   -2.99602e+04    2.53900e+02   -2.06718e+04
    Kinetic En.   Total Energy    Temperature Pressure (bar)
    2.07158e+02   -2.04646e+04    2.67908e+02   -5.51937e+02

           Step           Time
           3600        3.60000

   Energies (kJ/mol)
  Harmonic Pot.        LJ (SR)   Coulomb (SR)   Coul. recip.      Potential
    1.54204e+03    7.52815e+03   -2.99767e+04    2.61115e+02   -2.06454e+04
    Kinetic En.   Total Energy    Temperature Pressure (bar)
    1.80711e+02   -2.04647e+04    2.33705e+02    9.77862e+02

           Step           Time
           3700        3.70000

   Energies (kJ/mol)
  Harmonic Pot.        LJ (SR)   Coulomb (SR)   Coul. recip.      Potential
    1.77195e+03    7.16908e+03   -2.98462e+04    2.73033e+02   -2.06322e+04
    Kinetic En.   Total Energy    Temperature Pressure (bar)
    1.67516e+02   -2.04647e+04    2.16641e+02   -8.05812e+02

           Step           Time
           3800        3.80000

   Energies (kJ/mol)
  Harmonic Pot.        LJ (SR)   Coulomb (SR)   Coul. recip.      Potential
    1.70778e+03    7.31171e+03   -2.99456e+04    2.80129e+02   -2.06459e+04
    Kinetic En.   Total Energy    Temperature Pressure (bar)
    1.81512e+02   -2.04644e+04    2.34741e+02    6.69803e+01

           Step           Time
           3900        3.90000

   Energies (kJ/mol)
  Harmonic Pot.        LJ (SR)   Coulomb (SR)   Coul. recip.      Potential
    1.70483e+03    7.38414e+03   -3.00090e+04    2.55491e+02   -2.06645e+04
    Kinetic En.   Total Energy    Temperature Pressure (bar)
    1.99619e+02   -2.04649e+04    2.58158e+02    1.01726e+02

           Step           Time
           4000        4.00000

   Energies (kJ/mol)
  Harmonic Pot.        LJ (SR)   Coulomb (SR)   Coul. recip.      Potential
    1.61363e+03    7.34306e+03   -2.99037e+04    2.62705e+02   -2.06842e+04
    Kinetic En.   Total Energy    Temperature Pressure (bar)
    2.19391e+02   -2.04649e+04    2.83727e+02    7.47986e+02

           Step           Time
           4100        4.10000

   Energies (kJ/mol)
  Harmonic Pot.        LJ (SR)   Coulomb (SR)   Coul. recip.      Potential
    1.74340e+03    7.25509e+03   -2.98896e+04    2.67129e+02   -2.06239e+04
    Kinetic En.   Total Energy    Temperature Pressure (bar)
    1.59679e+02   -2.04643e+04    2.06505e+02   -1.00353e+03

           Step           Time
           4200        4.20000

   Energies (kJ/mol)
  Harmonic Pot.        LJ (SR)   Coulomb (SR)   Coul. recip.      Potential
    1.64626e+03    7.38036e+03   -2.99336e+04    2.57949e+02   -2.06490e+04
    Kinetic En.   Total Energy    Temperature Pressure (bar)
    1.84330e+02   -2.04647e+04    2.38385e+02    2.02348e+02

           Step           Time
           4300        4.30000

   Energies (kJ/mol)
  Harmonic Pot.        LJ (SR)   Coulomb (SR)   Coul. recip.      Potential
    1.74881e+03    7.22683e+03   -2.99237e+04    2.79726e+02   -2.06684e+04
    Kinetic En.   Total Energy    Temperature Pressure (bar)
    2.03785e+02   -2.04646e+04    2.63545e+02   -4.58017e+02

           Step           Time
           4400        4.40000

   Energies (kJ/mol)
  Harmonic Pot.        LJ (SR)   Coulomb (SR)   Coul. recip.      Potential
    1.65855e+03    7.35379e+03   -2.99655e+04    2.64488e+02   -2.06887e+04
    Kinetic En.   Total Energy    Temperature Pressure (bar)
    2.23914e+02   -2.04647e+04    2.89577e+02    1.30709e+02

           Step           Time
           4500        4.50000

   Energies (kJ/mol)
  Harmonic Pot.        LJ (SR)   Coulomb (SR)   Coul. recip.      Potential
    1.60957e+03    7.41805e+03   -2.99341e+04    2.60555e+02   -2.06459e+04
    Kinetic En.   Total Energy    Temperature Pressure (bar)
    1.81373e+02   -2.04645e+04    2.34561e+02    3.38997e+02

           Step           Time
           4600        4.60000

   Energies (kJ/mol)
  Harmonic Pot.        LJ (SR)   Coulomb (SR)   Coul. recip.      Potential
    1.71641e+03    7.20011e+03   -2.98608e+04    2.72651e+02   -2.06716e+04
    Kinetic En.   Total Energy    Temperature Pressure (bar)
    2.06608e+02   -2.04650e+04    2.67196e+02   -8.65194e+02

           Step           Time
           4700        4.70000

   Energies (kJ/mol)
  Harmonic Pot.        LJ (SR)   Coulomb (SR)   Coul. recip.      Potential
    1.80446e+03    7.19333e+03   -2.99256e+04    2.56241e+02   -2.06716e+04
    Kinetic En.   Total Energy    Temperature Pressure (bar)
    2.06562e+02   -2.04650e+04    2.67137e+02   -7.13378e+02

           Step           Time
           4800        4.80000

   Energies (kJ/mol)
  Harmonic Pot.        LJ (SR)   Coulomb (SR)   Coul. recip.      Potential
    1.69711e+03    7.40537e+03   -2.99987e+04    2.59564e+02   -2.06367e+04
    Kinetic En.   Total Energy    Temperature Pressure (bar)
    1.72014e+02   -2.04646e+04    2.22457e+02    2.67027e+02

           Step           Time
           4900        4.90000

   Energies (kJ/mol)
  Harmonic Pot.        LJ (SR)   Coulomb (SR)   Coul. recip.      Potential
    1.65063e+03    7.31901e+03   -2.99276e+04    2.74242e+02   -2.06837e+04
    Kinetic En.   Total Energy    Temperature Pressure (bar)
    2.18822e+02   -2.04649e+04    2.82992e+02    1.31295e+02

           Step           Time
           5000        5.00000

   Energies (kJ/mol)
  Harmonic Pot.        LJ (SR)   Coulomb (SR)   Coul. recip.      Potential
    1.76298e+03    7.22154e+03   -2.98819e+04    2.66781e+02   -2.06306e+04
    Kinetic En.   Total Energy    Temperature Pressure (bar)
    1.65656e+02   -2.04649e+04    2.14235e+02   -7.36189e+02

           Step           Time
           5100        5.10000

   Energies (kJ/mol)
  Harmonic Pot.        LJ (SR)   Coulomb (SR)   Coul. recip.      Potential
    1.67884e+03    7.34996e+03   -2.99261e+04    2.59198e+02   -2.06381e+04
    Kinetic En.   Total Energy    Temperature Pressure (bar)
    1.73505e+02   -2.04646e+04    2.24386e+02   -5.64758e+01

           Step           Time
           5200        5.20000

   Energies (kJ/mol)
  Harmonic Pot.        LJ (SR)   Coulomb (SR)   Coul. recip.      Potential
    1.80724e+03    7.20975e+03   -2.99483e+04    2.67767e+02   -2.06635e+04
    Kinetic En.   Total Energy    Temperature Pressure (bar)
    1.99121e+02   -2.04644e+04    2.57513e+02   -9.02346e+02

           Step           Time
           5300        5.30000

   Energies (kJ/mol)
  Harmonic Pot.        LJ (SR)   Coulomb (SR)   Coul. recip.      Potential
    1.74274e+03    7.26962e+03   -2.99421e+04    2.61026e+02   -2.06687e+04
    Kinetic En.   Total Energy    Temperature Pressure (bar)
    2.04074e+02   -2.04646e+04    2.63919e+02   -1.54002e+02

           Step           Time
           5400        5.40000

   Energies (kJ/mol)
  Harmonic Pot.        LJ (SR)   Coulomb (SR)   Coul. recip.      Potential
    1.64276e+03    7.38677e+03   -2.99390e+04    2.60855e+02   -2.06487e+04
    Kinetic En.   Total Energy    Temperature Pressure (bar)
    1.84223e+02   -2.04644e+04    2.38247e+02   -1.06233e+02

           Step           Time
           5500        5.50000

   Energies (kJ/mol)
  Harmonic Pot.        LJ (SR)   Coulomb (SR)   Coul. recip.      Potential
    1.62359e+03    7.38597e+03   -2.99162e+04    2.71029e+02   -2.06356e+04
    Kinetic En.   Total Energy    Temperature Pressure (bar)
    1.71223e+02   -2.04644e+04    2.21435e+02    1.29763e+02

           Step           Time
           5600        5.60000

   Energies (kJ/mol)
  Harmonic Pot.        LJ (SR)   Coulomb (SR)   Coul. recip.      Potential
    1.78589e+03    7.20040e+03   -2.99082e+04    2.62922e+02   -2.06589e+04
    Kinetic En.   Total Energy    Temperature Pressure (bar)
    1.94370e+02   -2.04646e+04    2.51369e+02   -7.27065e+02

           Step           Time
           5700        5.70000

   Energies (kJ/mol)
  Harmonic Pot.        LJ (SR)   Coulomb (SR)   Coul. recip.      Potential
    1.74817e+03    7.27352e+03   -2.99361e+04    2.55960e+02   -2.06584e+04
    Kinetic En.   Total Energy    Temperature Pressure (bar)
    1.93673e+02   -2.04647e+04    2.50467e+02   -5.23631e+02

           Step           Time
           5800        5.80000

   Energies (kJ/mol)
  Harmonic Pot.        LJ (SR)   Coulomb (SR)   Coul. recip.      Potential
    1.75234e+03    7.26904e+03   -2.99366e+04    2.68000e+02   -2.06472e+04
    Kinetic En.   Total Energy    Temperature Pressure (bar)
    1.82938e+02   -2.04643e+04    2.36585e+02   -6.62241e+02

           Step           Time
           5900        5.90000

   Energies (kJ/mol)
  Harmonic Pot.        LJ (SR)   Coulomb (SR)   Coul. recip.      Potential
    1.64319e+03    7.36632e+03   -2.99037e+04    2.62868e+02   -2.06313e+04
    Kinetic En.   Total Energy    Temperature Pressure (bar)
    1.66561e+02   -2.04648e+04    2.15405e+02    3.42819e+02

           Step           Time
           6000        6.00000

   Energies (kJ/mol)
  Harmonic Pot.        LJ (SR)   Coulomb (SR)   Coul. recip.      Potential
    1.62936e+03    7.33114e+03   -2.99063e+04    2.64143e+02   -2.06817e+04
    Kinetic En.   Total Energy    Temperature Pressure (bar)
    2.16767e+02   -2.04649e+04    2.80335e+02    1.97571e+02

           Step           Time
           6100        6.10000

   Energies (kJ/mol)
  Harmonic Pot.        LJ (SR)   Coulomb (SR)   Coul. recip.      Potential
    1.79869e+03    7.21234e+03   -2.99334e+04    2.66790e+02   -2.06556e+04
    Kinetic En.   Total Energy    Temperature Pressure (bar)
    1.90982e+02   -2.04646e+04    2.46988e+02   -1.00928e+03

           Step           Time
           6200        6.20000

   Energies (kJ/mol)
  Harmonic Pot.        LJ (SR)   Coulomb (SR)   Coul. recip.      Potential
    1.67943e+03    7.32558e+03   -2.99500e+04    2.59995e+02   -2.06850e+04
    Kinetic En.   Total Energy    Temperature Pressure (bar)
    2.19944e+02   -2.04650e+04    2.84443e+02    3.17440e+02

           Step           Time
           6300        6.30000

   Energies (kJ/mol)
  Harmonic Pot.        LJ (SR)   Coulomb (SR)   Coul. recip.      Potential
    1.73677e+03    7.20319e+03   -2.98786e+04    2.69290e+02   -2.06694e+04
    Kinetic En.   Total Energy    Temperature Pressure (bar)
    2.04544e+02   -2.04648e+04    2.64526e+02   -1.05482e+03

           Step           Time
           6400        6.40000

   Energies (kJ/mol)
  Harmonic Pot.        LJ (SR)   Coulomb (SR)   Coul. recip.      Potential
    1.62428e+03    7.37869e+03   -2.99248e+04    2.65975e+02   -2.06558e+04
    Kinetic En.   Total Energy    Temperature Pressure (bar)
    1.91402e+02   -2.04644e+04    2.47531e+02    2.02269e+02

           Step           Time
           6500        6.50000

   Energies (kJ/mol)
  Harmonic Pot.        LJ (SR)   Coulomb (SR)   Coul. recip.      Potential
    1.71503e+03    7.29787e+03   -2.99379e+04    2.55319e+02   -2.06697e+04
    Kinetic En.   Total Energy    Temperature Pressure (bar)
    2.04890e+02   -2.04648e+04    2.64975e+02    1.48677e+02

           Step           Time
           6600        6.60000

   Energies (kJ/mol)
  Harmonic Pot.        LJ (SR)   Coulomb (SR)   Coul. recip.      Potential
    1.77781e+03    7.21671e+03   -2.99269e+04    2.64619e+02   -2.06678e+04
    Kinetic En.   Total Energy    Temperature Pressure (bar)
    2.02945e+02   -2.04648e+04    2.62459e+02   -7.80031e+02

           Step           Time
           6700        6.70000

   Energies (kJ/mol)
  Harmonic Pot.        LJ (SR)   Coulomb (SR)   Coul. recip.      Potential
    1.78226e+03    7.23884e+03   -2.99548e+04    2.57425e+02   -2.06763e+04
    Kinetic En.   Total Energy    Temperature Pressure (bar)
    2.11420e+02   -2.04649e+04    2.73419e+02   -8.78923e+02

           Step           Time
           6800        6.80000

   Energies (kJ/mol)
  Harmonic Pot.        LJ (SR)   Coulomb (SR)   Coul. recip.      Potential
    1.61682e+03    7.38449e+03   -2.99158e+04    2.72226e+02   -2.06422e+04
    Kinetic En.   Total Energy    Temperature Pressure (bar)
    1.77375e+02   -2.04648e+04    2.29391e+02    6.22152e+02

           Step           Time
           6900        6.90000

   Energies (kJ/mol)
  Harmonic Pot.        LJ (SR)   Coulomb (SR)   Coul. recip.      Potential
    1.64422e+03    7.32484e+03   -2.99409e+04    2.71311e+02   -2.07005e+04
    Kinetic En.   Total Energy    Temperature Pressure (bar)
    2.35345e+02   -2.04651e+04    3.04361e+02    1.20452e+02

           Step           Time
           7000        7.00000

   Energies (kJ/mol)
  Harmonic Pot.        LJ (SR)   Coulomb (SR)   Coul. recip.      Potential
    1.82829e+03    7.23636e+03   -2.99753e+04    2.66027e+02   -2.06446e+04
    Kinetic En.   Total Energy    Temperature Pressure (bar)
    1.79695e+02   -2.04649e+04    2.32390e+02   -9.53608e+02

           Step           Time
           7100        7.10000

   Energies (kJ/mol)
  Harmonic Pot.        LJ (SR)   Coulomb (SR)   Coul. recip.      Potential
    1.70106e+03    7.26380e+03   -2.99167e+04    2.63289e+02   -2.06886e+04
    Kinetic En.   Total Energy    Temperature Pressure (bar)
    2.23651e+02   -2.04650e+04    2.89237e+02   -1.58337e+02

           Step           Time
           7200        7.20000

   Energies (kJ/mol)
  Harmonic Pot.        LJ (SR)   Coulomb (SR)   Coul. recip.      Potential
    1.71249e+03    7.24889e+03   -2.98875e+04    2.61687e+02   -2.06645e+04
    Kinetic En.   Total Energy    Temperature Pressure (bar)
    1.99538e+02   -2.04649e+04    2.58053e+02   -8.86937e+02

           Step           Time
           7300        7.30000

   Energies (kJ/mol)
  Harmonic Pot.        LJ (SR)   Coulomb (SR)   Coul. recip.      Potential
    1.62780e+03    7.41467e+03   -2.99391e+04    2.63563e+02   -2.06331e+04
    Kinetic En.   Total Energy    Temperature Pressure (bar)
    1.68586e+02   -2.04645e+04    2.18024e+02    2.09275e+02

           Step           Time
           7400        7.40000

   Energies (kJ/mol)
  Harmonic Pot.        LJ (SR)   Coulomb (SR)   Coul. recip.      Potential
    1.81547e+03    7.14482e+03   -2.98780e+04    2.67342e+02   -2.06504e+04
    Kinetic En.   Total Energy    Temperature Pressure (bar)
    1.86100e+02   -2.04643e+04    2.40674e+02   -1.16009e+03

           Step           Time
           7500        7.50000

   Energies (kJ/mol)
  Harmonic Pot.        LJ (SR)   Coulomb (SR)   Coul. recip.      Potential
    1.71583e+03    7.33029e+03   -2.99624e+04    2.67031e+02   -2.06492e+04
    Kinetic En.   Total Energy    Temperature Pressure (bar)
    1.84776e+02   -2.04645e+04    2.38961e+02   -8.82428e+01

           Step           Time
           7600        7.60000

   Energies (kJ/mol)
  Harmonic Pot.        LJ (SR)   Coulomb (SR)   Coul. recip.      Potential
    1.76494e+03    7.23102e+03   -2.99084e+04    2.68420e+02   -2.06440e+04
    Kinetic En.   Total Energy    Temperature Pressure (bar)
    1.79698e+02   -2.04643e+04    2.32395e+02   -1.05852e+03

           Step           Time
           7700        7.70000

   Energies (kJ/mol)
  Harmonic Pot.        LJ (SR)   Coulomb (SR)   Coul. recip.      Potential
    1.70254e+03    7.23745e+03   -2.98450e+04    2.66413e+02   -2.06386e+04
    Kinetic En.   Total Energy    Temperature Pressure (bar)
    1.74206e+02   -2.04644e+04    2.25292e+02   -4.96551e+02

           Step           Time
           7800        7.80000

   Energies (kJ/mol)
  Harmonic Pot.        LJ (SR)   Coulomb (SR)   Coul. recip.      Potential
    1.70333e+03    7.27400e+03   -2.99241e+04    2.61639e+02   -2.06851e+04
    Kinetic En.   Total Energy    Temperature Pressure (bar)
    2.20381e+02   -2.04647e+04    2.85008e+02   -3.65828e+02

           Step           Time
           7900        7.90000

   Energies (kJ/mol)
  Harmonic Pot.        LJ (SR)   Coulomb (SR)   Coul. recip.      Potential
    1.68398e+03    7.38952e+03   -2.99991e+04    2.67116e+02   -2.06585e+04
    Kinetic En.   Total Energy    Temperature Pressure (bar)
    1.93671e+02   -2.04648e+04    2.50465e+02    3.58494e+02

           Step           Time
           8000        8.00000

   Energies (kJ/mol)
  Harmonic Pot.        LJ (SR)   Coulomb (SR)   Coul. recip.      Potential
    1.73446e+03    7.25684e+03   -2.99121e+04    2.55517e+02   -2.06653e+04
    Kinetic En.   Total Energy    Temperature Pressure (bar)
    2.00601e+02   -2.04647e+04    2.59428e+02   -4.86745e+02

           Step           Time
           8100        8.10000

   Energies (kJ/mol)
  Harmonic Pot.        LJ (SR)   Coulomb (SR)   Coul. recip.      Potential
    1.65743e+03    7.30691e+03   -2.99085e+04    2.66045e+02   -2.06781e+04
    Kinetic En.   Total Energy    Temperature Pressure (bar)
    2.13130e+02   -2.04650e+04    2.75631e+02   -4.31459e+02

           Step           Time
           8200        8.20000

   Energies (kJ/mol)
  Harmonic Pot.        LJ (SR)   Coulomb (SR)   Coul. recip.      Potential
    1.58104e+03    7.46492e+03   -2.99503e+04    2.60523e+02   -2.06439e+04
    Kinetic En.   Total Energy    Temperature Pressure (bar)
    1.79019e+02   -2.04648e+04    2.31517e+02    6.35052e+02

           Step           Time
           8300        8.30000

   Energies (kJ/mol)
  Harmonic Pot.        LJ (SR)   Coulomb (SR)   Coul. recip.      Potential
    1.69972e+03    7.27915e+03   -2.99352e+04    2.71243e+02   -2.06851e+04
    Kinetic En.   Total Energy    Temperature Pressure (bar)
    2.20491e+02   -2.04646e+04    2.85150e+02    7.31766e+00

           Step           Time
           8400        8.40000

   Energies (kJ/mol)
  Harmonic Pot.        LJ (SR)   Coulomb (SR)   Coul. recip.      Potential
    1.67780e+03    7.37004e+03   -2.99832e+04    2.66742e+02   -2.06686e+04
    Kinetic En.   Total Energy    Temperature Pressure (bar)
    2.03679e+02   -2.04649e+04    2.63407e+02    1.31950e+02

           Step           Time
           8500        8.50000

   Energies (kJ/mol)
  Harmonic Pot.        LJ (SR)   Coulomb (SR)   Coul. recip.      Potential
    1.72448e+03    7.29380e+03   -2.99354e+04    2.54154e+02   -2.06629e+04
    Kinetic En.   Total Energy    Temperature Pressure (bar)
    1.98168e+02   -2.04648e+04    2.56281e+02   -6.21125e+02

           Step           Time
           8600        8.60000

   Energies (kJ/mol)
  Harmonic Pot.        LJ (SR)   Coulomb (SR)   Coul. recip.      Potential
    1.66226e+03    7.27871e+03   -2.98587e+04    2.67049e+02   -2.06507e+04
    Kinetic En.   Total Energy    Temperature Pressure (bar)
    1.86104e+02   -2.04646e+04    2.40680e+02   -3.58016e+02

           Step           Time
           8700        8.70000

   Energies (kJ/mol)
  Harmonic Pot.        LJ (SR)   Coulomb (SR)   Coul. recip.      Potential
    1.72377e+03    7.26207e+03   -2.99206e+04    2.61911e+02   -2.06728e+04
    Kinetic En.   Total Energy    Temperature Pressure (bar)
    2.07984e+02   -2.04648e+04    2.68976e+02   -3.85469e+02

           Step           Time
           8800        8.80000

   Energies (kJ/mol)
  Harmonic Pot.        LJ (SR)   Coulomb (SR)   Coul. recip.      Potential
    1.73643e+03    7.31441e+03   -2.99615e+04    2.63515e+02   -2.06471e+04
    Kinetic En.   Total Energy    Temperature Pressure (bar)
    1.82298e+02   -2.04648e+04    2.35757e+02   -1.57241e+02

           Step           Time
           8900        8.90000

   Energies (kJ/mol)
  Harmonic Pot.        LJ (SR)   Coulomb (SR)   Coul. recip.      Potential
    1.66496e+03    7.31328e+03   -2.99214e+04    2.69869e+02   -2.06733e+04
    Kinetic En.   Total Energy    Temperature Pressure (bar)
    2.08541e+02   -2.04648e+04    2.69696e+02   -6.22546e+01

           Step           Time
           9000        9.00000

   Energies (kJ/mol)
  Harmonic Pot.        LJ (SR)   Coulomb (SR)   Coul. recip.      Potential
    1.58564e+03    7.41634e+03   -2.99295e+04    2.66998e+02   -2.06605e+04
    Kinetic En.   Total Energy    Temperature Pressure (bar)
    1.95509e+02   -2.04650e+04    2.52843e+02    7.70279e+02

           Step           Time
           9100        9.10000

   Energies (kJ/mol)
  Harmonic Pot.        LJ (SR)   Coulomb (SR)   Coul. recip.      Potential
    1.68047e+03    7.35573e+03   -2.99395e+04    2.62743e+02   -2.06405e+04
    Kinetic En.   Total Energy    Temperature Pressure (bar)
    1.75862e+02   -2.04647e+04    2.27434e+02   -3.64628e+02

           Step           Time
           9200        9.20000

   Energies (kJ/mol)
  Harmonic Pot.        LJ (SR)   Coulomb (SR)   Coul. recip.      Potential
    1.68882e+03    7.35159e+03   -2.99423e+04    2.50614e+02   -2.06513e+04
    Kinetic En.   Total Energy    Temperature Pressure (bar)
    1.86619e+02   -2.04646e+04    2.41345e+02    3.80199e+02

           Step           Time
           9300        9.30000

   Energies (kJ/mol)
  Harmonic Pot.        LJ (SR)   Coulomb (SR)   Coul. recip.      Potential
    1.65332e+03    7.38910e+03   -2.99582e+04    2.57486e+02   -2.06583e+04
    Kinetic En.   Total Energy    Temperature Pressure (bar)
    1.93618e+02   -2.04647e+04    2.50397e+02    6.67247e+02

           Step           Time
           9400        9.40000

   Energies (kJ/mol)
  Harmonic Pot.        LJ (SR)   Coulomb (SR)   Coul. recip.      Potential
    1.64472e+03    7.38714e+03   -2.99519e+04    2.56641e+02   -2.06634e+04
    Kinetic En.   Total Energy    Temperature Pressure (bar)
    1.98595e+02   -2.04648e+04    2.56834e+02    2.73713e+01

           Step           Time
           9500        9.50000

   Energies (kJ/mol)
  Harmonic Pot.        LJ (SR)   Coulomb (SR)   Coul. recip.      Potential
    1.65421e+03    7.34189e+03   -2.99006e+04    2.58925e+02   -2.06456e+04
    Kinetic En.   Total Energy    Temperature Pressure (bar)
    1.80857e+02   -2.04647e+04    2.33893e+02    3.27666e+02

           Step           Time
           9600        9.60000

   Energies (kJ/mol)
  Harmonic Pot.        LJ (SR)   Coulomb (SR)   Coul. recip.      Potential
    1.70991e+03    7.33777e+03   -2.99814e+04    2.79188e+02   -2.06545e+04
    Kinetic En.   Total Energy    Temperature Pressure (bar)
    1.89777e+02   -2.04647e+04    2.45429e+02   -1.09248e+02

           Step           Time
           9700        9.70000

   Energies (kJ/mol)
  Harmonic Pot.        LJ (SR)   Coulomb (SR)   Coul. recip.      Potential
    1.67409e+03    7.37146e+03   -2.99639e+04    2.58197e+02   -2.06602e+04
    Kinetic En.   Total Energy    Temperature Pressure (bar)
    1.95213e+02   -2.04650e+04    2.52459e+02    2.41444e+02

           Step           Time
           9800        9.80000

   Energies (kJ/mol)
  Harmonic Pot.        LJ (SR)   Coulomb (SR)   Coul. recip.      Potential
    1.73891e+03    7.21993e+03   -2.98779e+04    2.60386e+02   -2.06586e+04
    Kinetic En.   Total Energy    Temperature Pressure (bar)
    1.94182e+02   -2.04644e+04    2.51126e+02   -6.12771e+02

           Step           Time
           9900        9.90000

   Energies (kJ/mol)
  Harmonic Pot.        LJ (SR)   Coulomb (SR)   Coul. recip.      Potential
    1.62107e+03    7.34336e+03   -2.98946e+04    2.62798e+02   -2.06674e+04
    Kinetic En.   Total Energy    Temperature Pressure (bar)
    2.02385e+02   -2.04650e+04    2.61734e+02    1.00385e+02

           Step           Time
          10000       10.00000

Writing checkpoint, step 10000 at Sun Oct 19 20:24:26 2025


   Energies (kJ/mol)
  Harmonic Pot.        LJ (SR)   Coulomb (SR)   Coul. recip.      Potential
    1.78239e+03    7.21354e+03   -2.98971e+04    2.57620e+02   -2.06436e+04
    Kinetic En.   Total Energy    Temperature Pressure (bar)
    1.79103e+02   -2.04645e+04    2.31625e+02   -1.02656e+03


Energy conservation over simulation part #1 of length 10 ps, time 0 to 10 ps
  Conserved energy drift: 3.43e-03 kJ/mol/ps per atom


	<======  ###############  ==>
	<====  A V E R A G E S  ====>
	<==  ###############  ======>

	Statistics over 10001 steps using 1001 frames

   Energies (kJ/mol)
  Harmonic Pot.        LJ (SR)   Coulomb (SR)   Coul. recip.      Potential
    1.68378e+03    7.32754e+03   -2.99332e+04    2.66689e+02   -2.06552e+04
    Kinetic En.   Total Energy    Temperature Pressure (bar)
    1.90481e+02   -2.04647e+04    2.46339e+02   -1.67524e+00

   Total Virial (kJ/mol)
    6.83683e+01   -9.41777e-02    1.28563e+00
   -9.40750e-02    6.33105e+01    3.52856e+00
    1.28567e+00    3.52851e+00    6.27735e+01

   Pressure (bar)
   -8.77886e-01    6.78461e-02    8.59929e-01
    6.77172e-02   -2.37647e+00   -2.47358e+00
    8.59869e-01   -2.47352e+00   -1.77136e+00


	M E G A - F L O P S   A C C O U N T I N G

 NB=Group-cutoff nonbonded kernels    NxN=N-by-N cluster Verlet kernels
 RF=Reaction-Field  VdW=Van der Waals  QSTab=quadratic-spline table
 W3=SPC/TIP3p  W4=TIP4p (single or pairs)
 V&F=Potential and force  V=Potential only  F=Force only

 Computing:                               M-Number         M-Flops  % Flops
-----------------------------------------------------------------------------
 Pair Search distance check               1.752546          15.773     0.1
 NxN Ewald Elec. + LJ [F]                22.899888        2129.690     8.0
 NxN Ewald Elec. + LJ [V&F]               2.547168         323.490     1.2
 NxN Ewald Elec. [F]                      0.530064          32.334     0.1
 NxN Ewald Elec. [V&F]                    0.059008           4.957     0.0
 Calc Weights                             1.890189          68.047     0.3
 Spread Q Bspline                        40.324032          80.648     0.3
 Gather F Bspline                        40.324032         241.944     0.9
 3D-FFT                                2540.173992       20321.392    76.1
 Solve PME                               52.805280        3379.538    12.7
 Reset In Box                             0.063063           0.189     0.0
 CG-CoM                                   0.063126           0.189     0.0
 Bonds                                    1.620162          95.590     0.4
 Virial                                   0.108108           1.946     0.0
 Stop-CM                                  0.006426           0.064     0.0
 Calc-Ekin                                0.126126           3.405     0.0
-----------------------------------------------------------------------------
 Total                                                   26699.196   100.0
-----------------------------------------------------------------------------


    D O M A I N   D E C O M P O S I T I O N   S T A T I S T I C S

 av. #atoms communicated per step for force:  2 x 0.0


      R E A L   C Y C L E   A N D   T I M E   A C C O U N T I N G

On 1 MPI rank, each using 8 OpenMP threads

 Activity:              Num   Num      Call    Wall time         Giga-Cycles
                        Ranks Threads  Count      (s)         total sum    %
--------------------------------------------------------------------------------
 Domain decomp.            1    8       1001       0.022          0.532   4.3
 Neighbor search           1    8       1001       0.008          0.183   1.5
 Force                     1    8      10001       0.056          1.338  10.8
 PME mesh                  1    8      10001       0.343          8.234  66.3
 NB X/F buffer ops.        1    8      20002       0.034          0.804   6.5
 Write traj.               1    8        101       0.012          0.284   2.3
 Update                    1    8      10001       0.024          0.568   4.6
 Kinetic energy            1    8       2001       0.002          0.058   0.5
 Rest                                              0.017          0.414   3.3
--------------------------------------------------------------------------------
 Total                                             0.517         12.416 100.0
--------------------------------------------------------------------------------
 Breakdown of PME mesh activities
--------------------------------------------------------------------------------
 PME spread                1    8      10001       0.132          3.179  25.6
 PME gather                1    8      10001       0.058          1.392  11.2
 PME 3D-FFT                1    8      20002       0.123          2.957  23.8
 PME solve Elec            1    8      10001       0.021          0.513   4.1
--------------------------------------------------------------------------------

               Core t (s)   Wall t (s)        (%)
       Time:        4.139        0.517      800.0
                 (ns/day)    (hour/ns)
Performance:     1670.258        0.014
Finished mdrun on rank 0 Sun Oct 19 20:24:26 2025

